<?xml version="1.0" encoding="UTF-8"?>
<!-- Generated by org.testng.reporters.JUnitReportReporter -->
<testsuite skipped="0" hostname="TYSS-4F-PJT-034" name="jenkis.testJenkis" tests="1" failures="0" timestamp="15 Nov 2017 10:26:12 GMT" time="0.000" errors="0">
  <testcase name="testJenk" time="0.000" classname="jenkis.testJenkis"/>
</testsuite> <!-- jenkis.testJenkis -->
